[3/27/2023, 8:55:34 PM] server	 employee-route.js - req.params must be a number: NaN
[3/27/2023, 8:55:55 PM] server	 employee-route.js - NotFoundError: Not Found
[3/27/2023, 9:20:23 PM] server	 employee-route.js - NotFoundError: Not Found
[3/27/2023, 9:20:33 PM] server	 employee-route.js - req.params must be a number: NaN
[3/27/2023, 9:23:14 PM] server	 employee-route.js - id could note be parsed: NaN
[3/27/2023, 10:07:18 PM] server	 employee-route.js - id could note be parsed: NaN
[3/27/2023, 10:07:18 PM] server	 employee-route.js - req.params.empId must be a number foo
[3/27/2023, 10:07:49 PM] server	 employee-route.js - NotFoundError: Not Found
[3/27/2023, 10:32:08 PM] server	 employee-route.js - id could note be parsed: NaN
[3/27/2023, 10:32:08 PM] server	 employee-route.js - id could not be parsed: foo
[3/27/2023, 10:33:40 PM] server	 employee-route.js - NotFoundError: Not Found
[3/27/2023, 10:33:56 PM] server	 employee-route.js - id could note be parsed: NaN
[3/27/2023, 10:33:56 PM] server	 employee-route.js - req.params must be a number: foo
[3/27/2023, 10:40:33 PM] server	 employee-route.js - NotFoundError: Not Found
[3/27/2023, 11:38:11 PM] server	 employee-route.js - id could note be parsed: NaN
[3/27/2023, 11:38:11 PM] server	 employee-route.js - req.params must be a number: foo
[3/27/2023, 11:38:42 PM] server	 employee-route.js - NotFoundError: Not Found
[3/27/2023, 11:51:23 PM] server	 employee-route.js - NotFoundError: Not Found
[4/3/2023, 9:44:55 PM] server	 employee-route.js - re.param.empId must be a number: NaN
[4/3/2023, 9:50:02 PM] server	 employee-route.js - TaskId not found 6424d747c801b59afaf26b82f
[4/3/2023, 11:22:55 PM] server	 employee-route.js - AbortError: The operation was aborted
[4/3/2023, 11:23:22 PM] server	 employee-route.js - AbortError: The operation was aborted
[4/3/2023, 11:24:03 PM] server	 employee-route.js - AbortError: The operation was aborted
[4/3/2023, 11:24:22 PM] server	 employee-route.js - AbortError: The operation was aborted
[4/3/2023, 11:24:47 PM] server	 employee-route.js - AbortError: The operation was aborted
[4/3/2023, 11:25:54 PM] server	 employee-route.js - AbortError: The operation was aborted
[4/3/2023, 11:26:08 PM] server	 employee-route.js - AbortError: The operation was aborted
[4/3/2023, 11:26:51 PM] server	 employee-route.js - AbortError: The operation was aborted
[4/3/2023, 11:33:58 PM] server	 employee-route.js - AbortError: The operation was aborted
[4/4/2023, 12:04:07 AM] server	 employee-route.js - NotFoundError: Not Found
[4/4/2023, 12:05:05 AM] server	 employee-route.js - Bad Request. Unable to verify req.body schema against tasksSchema
[4/4/2023, 12:09:02 AM] server	 employee-route.js - NotFoundError: Not Found
[4/4/2023, 12:09:34 AM] server	 employee-route.js - TaskId not found 642ba0c0ccc7542f564fc218
[4/4/2023, 11:34:50 AM] server	 employee-route.js - Bad Request. Unable to verify req.body schema against tasksSchema
[4/4/2023, 11:34:58 AM] server	 employee-route.js - Bad Request. Unable to verify req.body schema against tasksSchema
[4/4/2023, 12:00:18 PM] server	 employee-route.js - Bad Request. Unable to verify req.body schema against tasksSchema
[4/5/2023, 9:22:45 PM] server	 employee-route.js - Bad Request. Unable to verify req.body schema against tasksSchema
[4/5/2023, 9:22:48 PM] server	 employee-route.js - Bad Request. Unable to verify req.body schema against tasksSchema
[4/5/2023, 9:22:49 PM] server	 employee-route.js - Bad Request. Unable to verify req.body schema against tasksSchema
[4/5/2023, 9:22:51 PM] server	 employee-route.js - Bad Request. Unable to verify req.body schema against tasksSchema
[4/5/2023, 9:22:53 PM] server	 employee-route.js - Bad Request. Unable to verify req.body schema against tasksSchema
[4/5/2023, 9:23:34 PM] server	 employee-route.js - Bad Request. Unable to verify req.body schema against tasksSchema
[4/5/2023, 9:23:36 PM] server	 employee-route.js - Bad Request. Unable to verify req.body schema against tasksSchema
[4/5/2023, 9:23:37 PM] server	 employee-route.js - Bad Request. Unable to verify req.body schema against tasksSchema
[4/5/2023, 9:23:38 PM] server	 employee-route.js - Bad Request. Unable to verify req.body schema against tasksSchema
[4/5/2023, 9:23:40 PM] server	 employee-route.js - Bad Request. Unable to verify req.body schema against tasksSchema
[4/5/2023, 9:23:41 PM] server	 employee-route.js - Bad Request. Unable to verify req.body schema against tasksSchema
[4/5/2023, 9:25:45 PM] server	 employee-route.js - Bad Request. Unable to verify req.body schema against tasksSchema
